-- Found ament_cmake: 1.3.5 (/opt/ros/humble/share/ament_cmake/cmake)
-- Found rclcpp: 16.0.6 (/opt/ros/humble/share/rclcpp/cmake)
-- Found rosidl_generator_c: 3.1.5 (/opt/ros/humble/share/rosidl_generator_c/cmake)
-- Found rosidl_adapter: 3.1.5 (/opt/ros/humble/share/rosidl_adapter/cmake)
-- Found rosidl_generator_cpp: 3.1.5 (/opt/ros/humble/share/rosidl_generator_cpp/cmake)
-- Using all available rosidl_typesupport_c: rosidl_typesupport_fastrtps_c;rosidl_typesupport_introspection_c
-- Using all available rosidl_typesupport_cpp: rosidl_typesupport_fastrtps_cpp;rosidl_typesupport_introspection_cpp
-- Found rmw_implementation_cmake: 6.1.1 (/opt/ros/humble/share/rmw_implementation_cmake/cmake)
-- Found rmw_fastrtps_cpp: 6.2.4 (/opt/ros/humble/share/rmw_fastrtps_cpp/cmake)
-- Using RMW implementation 'rmw_fastrtps_cpp' as default
-- Found ament_lint_auto: 0.12.8 (/opt/ros/humble/share/ament_lint_auto/cmake)
-- Added test 'cppcheck' to perform static code analysis on C / C++ code
-- Configured cppcheck include dirs: 
-- Configured cppcheck exclude dirs and/or files: 
-- Added test 'lint_cmake' to check CMake code style
-- Added test 'uncrustify' to check C / C++ code style
-- Configured uncrustify additional arguments: 
-- Added test 'xmllint' to check XML markup files
-- Configuring done
-- Generating done
-- Build files have been written to: /root/ROS2_HW/build/value_counter
[ 50%] [32mBuilding CXX object CMakeFiles/value_counter.dir/src/value_counter.cpp.o[0m
[100%] [32m[1mLinking CXX executable value_counter[0m
[100%] Built target value_counter
-- Install configuration: ""
-- Installing: /root/ROS2_HW/install/value_counter/lib/value_counter/value_counter
-- Set runtime path of "/root/ROS2_HW/install/value_counter/lib/value_counter/value_counter" to ""
-- Installing: /root/ROS2_HW/install/value_counter/share/ament_index/resource_index/package_run_dependencies/value_counter
-- Installing: /root/ROS2_HW/install/value_counter/share/ament_index/resource_index/parent_prefix_path/value_counter
-- Installing: /root/ROS2_HW/install/value_counter/share/value_counter/environment/ament_prefix_path.sh
-- Installing: /root/ROS2_HW/install/value_counter/share/value_counter/environment/ament_prefix_path.dsv
-- Installing: /root/ROS2_HW/install/value_counter/share/value_counter/environment/path.sh
-- Installing: /root/ROS2_HW/install/value_counter/share/value_counter/environment/path.dsv
-- Installing: /root/ROS2_HW/install/value_counter/share/value_counter/local_setup.bash
-- Installing: /root/ROS2_HW/install/value_counter/share/value_counter/local_setup.sh
-- Installing: /root/ROS2_HW/install/value_counter/share/value_counter/local_setup.zsh
-- Installing: /root/ROS2_HW/install/value_counter/share/value_counter/local_setup.dsv
-- Installing: /root/ROS2_HW/install/value_counter/share/value_counter/package.dsv
-- Installing: /root/ROS2_HW/install/value_counter/share/ament_index/resource_index/packages/value_counter
-- Installing: /root/ROS2_HW/install/value_counter/share/value_counter/cmake/value_counterConfig.cmake
-- Installing: /root/ROS2_HW/install/value_counter/share/value_counter/cmake/value_counterConfig-version.cmake
-- Installing: /root/ROS2_HW/install/value_counter/share/value_counter/package.xml
