[0.076s] Invoking command in '/root/ROS2_HW/build/value_counter': CMAKE_PREFIX_PATH=/opt/ros/humble /usr/bin/cmake /root/ROS2_HW/ros2_homework/value_counter -DCMAKE_INSTALL_PREFIX=/root/ROS2_HW/install/value_counter
[0.606s] -- The C compiler identification is GNU 11.4.0
[0.941s] -- The CXX compiler identification is GNU 11.4.0
[0.975s] -- Detecting C compiler ABI info
[1.085s] -- Detecting C compiler ABI info - done
[1.098s] -- Check for working C compiler: /usr/bin/cc - skipped
[1.099s] -- Detecting C compile features
[1.102s] -- Detecting C compile features - done
[1.111s] -- Detecting CXX compiler ABI info
[1.311s] -- Detecting CXX compiler ABI info - done
[1.322s] -- Check for working CXX compiler: /usr/bin/c++ - skipped
[1.322s] -- Detecting CXX compile features
[1.323s] -- Detecting CXX compile features - done
[1.342s] -- Found ament_cmake: 1.3.5 (/opt/ros/humble/share/ament_cmake/cmake)
[1.571s] -- Found Python3: /usr/bin/python3.10 (found version "3.10.12") found components: Interpreter 
[1.784s] -- Found rclcpp: 16.0.6 (/opt/ros/humble/share/rclcpp/cmake)
[1.899s] -- Found rosidl_generator_c: 3.1.5 (/opt/ros/humble/share/rosidl_generator_c/cmake)
[1.911s] -- Found rosidl_adapter: 3.1.5 (/opt/ros/humble/share/rosidl_adapter/cmake)
[1.938s] -- Found rosidl_generator_cpp: 3.1.5 (/opt/ros/humble/share/rosidl_generator_cpp/cmake)
[1.975s] -- Using all available rosidl_typesupport_c: rosidl_typesupport_fastrtps_c;rosidl_typesupport_introspection_c
[2.023s] -- Using all available rosidl_typesupport_cpp: rosidl_typesupport_fastrtps_cpp;rosidl_typesupport_introspection_cpp
[2.173s] -- Found rmw_implementation_cmake: 6.1.1 (/opt/ros/humble/share/rmw_implementation_cmake/cmake)
[2.181s] -- Found rmw_fastrtps_cpp: 6.2.4 (/opt/ros/humble/share/rmw_fastrtps_cpp/cmake)
[2.386s] -- Found OpenSSL: /usr/lib/x86_64-linux-gnu/libcrypto.so (found version "3.0.2")  
[2.414s] -- Found FastRTPS: /opt/ros/humble/include  
[2.468s] -- Using RMW implementation 'rmw_fastrtps_cpp' as default
[2.494s] -- Looking for pthread.h
[2.613s] -- Looking for pthread.h - found
[2.614s] -- Performing Test CMAKE_HAVE_LIBC_PTHREAD
[2.713s] -- Performing Test CMAKE_HAVE_LIBC_PTHREAD - Success
[2.716s] -- Found Threads: TRUE  
[3.109s] [31mCMake Error at /opt/ros/humble/share/ament_cmake_target_dependencies/cmake/ament_target_dependencies.cmake:42 (message):
[3.109s]   ament_target_dependencies() the first argument must be a valid target name
[3.109s] Call Stack (most recent call first):
[3.109s]   CMakeLists.txt:16 (ament_target_dependencies)
[3.110s] 
[3.110s] [0m
[3.110s] -- Configuring incomplete, errors occurred!
[3.110s] See also "/root/ROS2_HW/build/value_counter/CMakeFiles/CMakeOutput.log".
[3.120s] Invoked command in '/root/ROS2_HW/build/value_counter' returned '1': CMAKE_PREFIX_PATH=/opt/ros/humble /usr/bin/cmake /root/ROS2_HW/ros2_homework/value_counter -DCMAKE_INSTALL_PREFIX=/root/ROS2_HW/install/value_counter
