[1.105s] DEBUG:colcon:Command line arguments: ['/usr/bin/colcon', 'build', '--packages-select', 'value_counter']
[1.105s] DEBUG:colcon:Parsed command line arguments: Namespace(log_base=None, log_level=None, verb_name='build', build_base='build', install_base='install', merge_install=False, symlink_install=False, test_result_base=None, continue_on_error=False, executor='parallel', parallel_workers=12, event_handlers=None, ignore_user_meta=False, metas=['./colcon.meta'], base_paths=['.'], packages_ignore=None, packages_ignore_regex=None, paths=None, packages_up_to=None, packages_up_to_regex=None, packages_above=None, packages_above_and_dependencies=None, packages_above_depth=None, packages_select_by_dep=None, packages_skip_by_dep=None, packages_skip_up_to=None, packages_select_build_failed=False, packages_skip_build_finished=False, packages_select_test_failures=False, packages_skip_test_passed=False, packages_select=['value_counter'], packages_skip=None, packages_select_regex=None, packages_skip_regex=None, packages_start=None, packages_end=None, cmake_args=None, cmake_target=None, cmake_target_skip_unavailable=False, cmake_clean_cache=False, cmake_clean_first=False, cmake_force_configure=False, ament_cmake_args=None, catkin_cmake_args=None, catkin_skip_building_tests=False, mixin_files=None, mixin=None, verb_parser=<colcon_mixin.mixin.mixin_argument.MixinArgumentDecorator object at 0x7fb782ae08e0>, verb_extension=<colcon_core.verb.build.BuildVerb object at 0x7fb782c678e0>, main=<bound method BuildVerb.main of <colcon_core.verb.build.BuildVerb object at 0x7fb782c678e0>>, mixin_verb=('build',))
[1.166s] Level 1:colcon.colcon_core.package_discovery:discover_packages(colcon_meta) check parameters
[1.167s] INFO:colcon.colcon_metadata.package_discovery.colcon_meta:Using configuration from '/root/.colcon/metadata/default/Gazebo.meta'
[1.168s] INFO:colcon.colcon_metadata.package_discovery.colcon_meta:Using configuration from '/root/.colcon/metadata/default/fastrtps.meta'
[1.169s] Level 1:colcon.colcon_core.package_discovery:discover_packages(recursive) check parameters
[1.169s] Level 1:colcon.colcon_core.package_discovery:discover_packages(ignore) check parameters
[1.169s] Level 1:colcon.colcon_core.package_discovery:discover_packages(path) check parameters
[1.169s] Level 1:colcon.colcon_core.package_discovery:discover_packages(colcon_meta) discover
[1.169s] Level 1:colcon.colcon_core.package_discovery:discover_packages(recursive) discover
[1.169s] INFO:colcon.colcon_core.package_discovery:Crawling recursively for packages in '/root/ROS2_HW'
[1.169s] Level 1:colcon.colcon_core.package_identification:_identify(.) by extensions ['ignore', 'ignore_ament_install']
[1.169s] Level 1:colcon.colcon_core.package_identification:_identify(.) by extension 'ignore'
[1.170s] Level 1:colcon.colcon_core.package_identification:_identify(.) by extension 'ignore_ament_install'
[1.170s] Level 1:colcon.colcon_core.package_identification:_identify(.) by extensions ['colcon_pkg']
[1.170s] Level 1:colcon.colcon_core.package_identification:_identify(.) by extension 'colcon_pkg'
[1.170s] Level 1:colcon.colcon_core.package_identification:_identify(.) by extensions ['colcon_meta']
[1.170s] Level 1:colcon.colcon_core.package_identification:_identify(.) by extension 'colcon_meta'
[1.170s] Level 1:colcon.colcon_core.package_identification:_identify(.) by extensions ['ros']
[1.170s] Level 1:colcon.colcon_core.package_identification:_identify(.) by extension 'ros'
[1.191s] Level 1:colcon.colcon_core.package_identification:_identify(.) by extensions ['cmake', 'python']
[1.191s] Level 1:colcon.colcon_core.package_identification:_identify(.) by extension 'cmake'
[1.191s] Level 1:colcon.colcon_core.package_identification:_identify(.) by extension 'python'
[1.191s] Level 1:colcon.colcon_core.package_identification:_identify(.) by extensions ['python_setup_py']
[1.191s] Level 1:colcon.colcon_core.package_identification:_identify(.) by extension 'python_setup_py'
[1.192s] Level 1:colcon.colcon_core.package_identification:_identify(build) by extensions ['ignore', 'ignore_ament_install']
[1.192s] Level 1:colcon.colcon_core.package_identification:_identify(build) by extension 'ignore'
[1.192s] Level 1:colcon.colcon_core.package_identification:_identify(build) ignored
[1.192s] Level 1:colcon.colcon_core.package_identification:_identify(install) by extensions ['ignore', 'ignore_ament_install']
[1.192s] Level 1:colcon.colcon_core.package_identification:_identify(install) by extension 'ignore'
[1.192s] Level 1:colcon.colcon_core.package_identification:_identify(install) ignored
[1.193s] Level 1:colcon.colcon_core.package_identification:_identify(log) by extensions ['ignore', 'ignore_ament_install']
[1.193s] Level 1:colcon.colcon_core.package_identification:_identify(log) by extension 'ignore'
[1.193s] Level 1:colcon.colcon_core.package_identification:_identify(log) ignored
[1.193s] Level 1:colcon.colcon_core.package_identification:_identify(ros2_homework) by extensions ['ignore', 'ignore_ament_install']
[1.193s] Level 1:colcon.colcon_core.package_identification:_identify(ros2_homework) by extension 'ignore'
[1.193s] Level 1:colcon.colcon_core.package_identification:_identify(ros2_homework) by extension 'ignore_ament_install'
[1.193s] Level 1:colcon.colcon_core.package_identification:_identify(ros2_homework) by extensions ['colcon_pkg']
[1.193s] Level 1:colcon.colcon_core.package_identification:_identify(ros2_homework) by extension 'colcon_pkg'
[1.193s] Level 1:colcon.colcon_core.package_identification:_identify(ros2_homework) by extensions ['colcon_meta']
[1.193s] Level 1:colcon.colcon_core.package_identification:_identify(ros2_homework) by extension 'colcon_meta'
[1.193s] Level 1:colcon.colcon_core.package_identification:_identify(ros2_homework) by extensions ['ros']
[1.193s] Level 1:colcon.colcon_core.package_identification:_identify(ros2_homework) by extension 'ros'
[1.193s] Level 1:colcon.colcon_core.package_identification:_identify(ros2_homework) by extensions ['cmake', 'python']
[1.193s] Level 1:colcon.colcon_core.package_identification:_identify(ros2_homework) by extension 'cmake'
[1.194s] Level 1:colcon.colcon_core.package_identification:_identify(ros2_homework) by extension 'python'
[1.194s] Level 1:colcon.colcon_core.package_identification:_identify(ros2_homework) by extensions ['python_setup_py']
[1.194s] Level 1:colcon.colcon_core.package_identification:_identify(ros2_homework) by extension 'python_setup_py'
[1.194s] Level 1:colcon.colcon_core.package_identification:_identify(ros2_homework/value_counter) by extensions ['ignore', 'ignore_ament_install']
[1.194s] Level 1:colcon.colcon_core.package_identification:_identify(ros2_homework/value_counter) by extension 'ignore'
[1.194s] Level 1:colcon.colcon_core.package_identification:_identify(ros2_homework/value_counter) by extension 'ignore_ament_install'
[1.194s] Level 1:colcon.colcon_core.package_identification:_identify(ros2_homework/value_counter) by extensions ['colcon_pkg']
[1.194s] Level 1:colcon.colcon_core.package_identification:_identify(ros2_homework/value_counter) by extension 'colcon_pkg'
[1.194s] Level 1:colcon.colcon_core.package_identification:_identify(ros2_homework/value_counter) by extensions ['colcon_meta']
[1.194s] Level 1:colcon.colcon_core.package_identification:_identify(ros2_homework/value_counter) by extension 'colcon_meta'
[1.194s] Level 1:colcon.colcon_core.package_identification:_identify(ros2_homework/value_counter) by extensions ['ros']
[1.194s] Level 1:colcon.colcon_core.package_identification:_identify(ros2_homework/value_counter) by extension 'ros'
[1.198s] DEBUG:colcon.colcon_core.package_identification:Package 'ros2_homework/value_counter' with type 'ros.ament_cmake' and name 'value_counter'
[1.198s] Level 1:colcon.colcon_core.package_discovery:discover_packages(recursive) using defaults
[1.199s] Level 1:colcon.colcon_core.package_discovery:discover_packages(ignore) discover
[1.199s] Level 1:colcon.colcon_core.package_discovery:discover_packages(ignore) using defaults
[1.199s] Level 1:colcon.colcon_core.package_discovery:discover_packages(path) discover
[1.199s] Level 1:colcon.colcon_core.package_discovery:discover_packages(path) using defaults
[1.279s] Level 5:colcon.colcon_core.verb:set package 'value_counter' build argument 'cmake_args' from command line to 'None'
[1.279s] Level 5:colcon.colcon_core.verb:set package 'value_counter' build argument 'cmake_target' from command line to 'None'
[1.279s] Level 5:colcon.colcon_core.verb:set package 'value_counter' build argument 'cmake_target_skip_unavailable' from command line to 'False'
[1.279s] Level 5:colcon.colcon_core.verb:set package 'value_counter' build argument 'cmake_clean_cache' from command line to 'False'
[1.279s] Level 5:colcon.colcon_core.verb:set package 'value_counter' build argument 'cmake_clean_first' from command line to 'False'
[1.279s] Level 5:colcon.colcon_core.verb:set package 'value_counter' build argument 'cmake_force_configure' from command line to 'False'
[1.280s] Level 5:colcon.colcon_core.verb:set package 'value_counter' build argument 'ament_cmake_args' from command line to 'None'
[1.280s] Level 5:colcon.colcon_core.verb:set package 'value_counter' build argument 'catkin_cmake_args' from command line to 'None'
[1.280s] Level 5:colcon.colcon_core.verb:set package 'value_counter' build argument 'catkin_skip_building_tests' from command line to 'False'
[1.280s] DEBUG:colcon.colcon_core.verb:Building package 'value_counter' with the following arguments: {'ament_cmake_args': None, 'build_base': '/root/ROS2_HW/build/value_counter', 'catkin_cmake_args': None, 'catkin_skip_building_tests': False, 'cmake_args': None, 'cmake_clean_cache': False, 'cmake_clean_first': False, 'cmake_force_configure': False, 'cmake_target': None, 'cmake_target_skip_unavailable': False, 'install_base': '/root/ROS2_HW/install/value_counter', 'merge_install': False, 'path': '/root/ROS2_HW/ros2_homework/value_counter', 'symlink_install': False, 'test_result_base': None}
[1.290s] INFO:colcon.colcon_core.executor:Executing jobs using 'parallel' executor
[1.307s] DEBUG:colcon.colcon_parallel_executor.executor.parallel:run_until_complete
[1.308s] INFO:colcon.colcon_ros.task.ament_cmake.build:Building ROS package in '/root/ROS2_HW/ros2_homework/value_counter' with build type 'ament_cmake'
[1.308s] INFO:colcon.colcon_cmake.task.cmake.build:Building CMake package in '/root/ROS2_HW/ros2_homework/value_counter'
[1.327s] INFO:colcon.colcon_core.plugin_system:Skipping extension 'colcon_core.shell.bat': Not used on non-Windows systems
[1.327s] INFO:colcon.colcon_core.shell:Skip shell extension 'powershell' for command environment: Not usable outside of PowerShell
[1.327s] DEBUG:colcon.colcon_core.shell:Skip shell extension 'dsv' for command environment
[1.382s] DEBUG:colcon.colcon_core.event_handler.log_command:Invoking command in '/root/ROS2_HW/build/value_counter': CMAKE_PREFIX_PATH=/opt/ros/humble /usr/bin/cmake /root/ROS2_HW/ros2_homework/value_counter -DCMAKE_INSTALL_PREFIX=/root/ROS2_HW/install/value_counter
[2.499s] DEBUG:colcon.colcon_core.event_handler.log_command:Invoked command in '/root/ROS2_HW/build/value_counter' returned '0': CMAKE_PREFIX_PATH=/opt/ros/humble /usr/bin/cmake /root/ROS2_HW/ros2_homework/value_counter -DCMAKE_INSTALL_PREFIX=/root/ROS2_HW/install/value_counter
[2.503s] DEBUG:colcon.colcon_core.event_handler.log_command:Invoking command in '/root/ROS2_HW/build/value_counter': CMAKE_PREFIX_PATH=/opt/ros/humble /usr/bin/cmake --build /root/ROS2_HW/build/value_counter -- -j12 -l12
[10.034s] DEBUG:colcon.colcon_core.event_handler.log_command:Invoked command in '/root/ROS2_HW/build/value_counter' returned '0': CMAKE_PREFIX_PATH=/opt/ros/humble /usr/bin/cmake --build /root/ROS2_HW/build/value_counter -- -j12 -l12
[10.079s] DEBUG:colcon.colcon_core.event_handler.log_command:Invoking command in '/root/ROS2_HW/build/value_counter': CMAKE_PREFIX_PATH=/opt/ros/humble /usr/bin/cmake --install /root/ROS2_HW/build/value_counter
[10.098s] Level 1:colcon.colcon_core.environment:create_environment_scripts_only(value_counter)
[10.099s] DEBUG:colcon.colcon_core.event_handler.log_command:Invoked command in '/root/ROS2_HW/build/value_counter' returned '0': CMAKE_PREFIX_PATH=/opt/ros/humble /usr/bin/cmake --install /root/ROS2_HW/build/value_counter
[10.113s] Level 1:colcon.colcon_core.environment:checking '/root/ROS2_HW/install/value_counter' for CMake module files
[10.114s] Level 1:colcon.colcon_core.environment:checking '/root/ROS2_HW/install/value_counter' for CMake config files
[10.114s] Level 1:colcon.colcon_core.shell:create_environment_hook('value_counter', 'cmake_prefix_path')
[10.131s] INFO:colcon.colcon_core.shell:Creating environment hook '/root/ROS2_HW/install/value_counter/share/value_counter/hook/cmake_prefix_path.ps1'
[10.135s] INFO:colcon.colcon_core.shell:Creating environment descriptor '/root/ROS2_HW/install/value_counter/share/value_counter/hook/cmake_prefix_path.dsv'
[10.136s] INFO:colcon.colcon_core.shell:Creating environment hook '/root/ROS2_HW/install/value_counter/share/value_counter/hook/cmake_prefix_path.sh'
[10.137s] Level 1:colcon.colcon_core.environment:checking '/root/ROS2_HW/install/value_counter/lib'
[10.138s] Level 1:colcon.colcon_core.environment:checking '/root/ROS2_HW/install/value_counter/bin'
[10.138s] Level 1:colcon.colcon_core.environment:checking '/root/ROS2_HW/install/value_counter/lib/pkgconfig/value_counter.pc'
[10.141s] Level 1:colcon.colcon_core.environment:checking '/root/ROS2_HW/install/value_counter/lib/python3.10/site-packages'
[10.142s] Level 1:colcon.colcon_core.environment:checking '/root/ROS2_HW/install/value_counter/bin'
[10.152s] INFO:colcon.colcon_core.shell:Creating package script '/root/ROS2_HW/install/value_counter/share/value_counter/package.ps1'
[10.153s] INFO:colcon.colcon_core.shell:Creating package descriptor '/root/ROS2_HW/install/value_counter/share/value_counter/package.dsv'
[10.153s] INFO:colcon.colcon_core.shell:Creating package script '/root/ROS2_HW/install/value_counter/share/value_counter/package.sh'
[10.154s] INFO:colcon.colcon_core.shell:Creating package script '/root/ROS2_HW/install/value_counter/share/value_counter/package.bash'
[10.155s] INFO:colcon.colcon_core.shell:Creating package script '/root/ROS2_HW/install/value_counter/share/value_counter/package.zsh'
[10.156s] Level 1:colcon.colcon_core.environment:create_file_with_runtime_dependencies(/root/ROS2_HW/install/value_counter/share/colcon-core/packages/value_counter)
[10.199s] Level 1:colcon.colcon_core.environment:create_environment_scripts_only(value_counter)
[10.208s] Level 1:colcon.colcon_core.environment:checking '/root/ROS2_HW/install/value_counter' for CMake module files
[10.209s] Level 1:colcon.colcon_core.environment:checking '/root/ROS2_HW/install/value_counter' for CMake config files
[10.209s] Level 1:colcon.colcon_core.shell:create_environment_hook('value_counter', 'cmake_prefix_path')
[10.223s] INFO:colcon.colcon_core.shell:Creating environment hook '/root/ROS2_HW/install/value_counter/share/value_counter/hook/cmake_prefix_path.ps1'
[10.224s] INFO:colcon.colcon_core.shell:Creating environment descriptor '/root/ROS2_HW/install/value_counter/share/value_counter/hook/cmake_prefix_path.dsv'
[10.224s] INFO:colcon.colcon_core.shell:Creating environment hook '/root/ROS2_HW/install/value_counter/share/value_counter/hook/cmake_prefix_path.sh'
[10.225s] Level 1:colcon.colcon_core.environment:checking '/root/ROS2_HW/install/value_counter/lib'
[10.225s] Level 1:colcon.colcon_core.environment:checking '/root/ROS2_HW/install/value_counter/bin'
[10.225s] Level 1:colcon.colcon_core.environment:checking '/root/ROS2_HW/install/value_counter/lib/pkgconfig/value_counter.pc'
[10.226s] Level 1:colcon.colcon_core.environment:checking '/root/ROS2_HW/install/value_counter/lib/python3.10/site-packages'
[10.226s] Level 1:colcon.colcon_core.environment:checking '/root/ROS2_HW/install/value_counter/bin'
[10.239s] INFO:colcon.colcon_core.shell:Creating package script '/root/ROS2_HW/install/value_counter/share/value_counter/package.ps1'
[10.239s] INFO:colcon.colcon_core.shell:Creating package descriptor '/root/ROS2_HW/install/value_counter/share/value_counter/package.dsv'
[10.240s] INFO:colcon.colcon_core.shell:Creating package script '/root/ROS2_HW/install/value_counter/share/value_counter/package.sh'
[10.240s] INFO:colcon.colcon_core.shell:Creating package script '/root/ROS2_HW/install/value_counter/share/value_counter/package.bash'
[10.241s] INFO:colcon.colcon_core.shell:Creating package script '/root/ROS2_HW/install/value_counter/share/value_counter/package.zsh'
[10.241s] Level 1:colcon.colcon_core.environment:create_file_with_runtime_dependencies(/root/ROS2_HW/install/value_counter/share/colcon-core/packages/value_counter)
[10.242s] DEBUG:colcon.colcon_parallel_executor.executor.parallel:closing loop
[10.242s] DEBUG:colcon.colcon_parallel_executor.executor.parallel:loop closed
[10.242s] DEBUG:colcon.colcon_parallel_executor.executor.parallel:run_until_complete finished with '0'
[10.242s] DEBUG:colcon.colcon_core.event_reactor:joining thread
[10.263s] INFO:colcon.colcon_core.plugin_system:Skipping extension 'colcon_notification.desktop_notification.notify_send': Could not find 'notify-send'
[10.263s] INFO:colcon.colcon_core.plugin_system:Skipping extension 'colcon_notification.desktop_notification.terminal_notifier': Not used on non-Darwin systems
[10.263s] INFO:colcon.colcon_core.plugin_system:Skipping extension 'colcon_notification.desktop_notification.win32': Not used on non-Windows systems
[10.263s] INFO:colcon.colcon_notification.desktop_notification:Sending desktop notification using 'notify2'
[10.263s] DEBUG:colcon.colcon_notification.desktop_notification.notify2:Failed to initialize notify2: org.freedesktop.DBus.Error.NotSupported: Unable to autolaunch a dbus-daemon without a $DISPLAY for X11
[10.263s] DEBUG:colcon.colcon_core.event_reactor:joined thread
[10.280s] INFO:colcon.colcon_core.shell:Creating prefix script '/root/ROS2_HW/install/local_setup.ps1'
[10.282s] INFO:colcon.colcon_core.shell:Creating prefix util module '/root/ROS2_HW/install/_local_setup_util_ps1.py'
[10.287s] INFO:colcon.colcon_core.shell:Creating prefix chain script '/root/ROS2_HW/install/setup.ps1'
[10.310s] INFO:colcon.colcon_core.shell:Creating prefix script '/root/ROS2_HW/install/local_setup.sh'
[10.311s] INFO:colcon.colcon_core.shell:Creating prefix util module '/root/ROS2_HW/install/_local_setup_util_sh.py'
[10.312s] INFO:colcon.colcon_core.shell:Creating prefix chain script '/root/ROS2_HW/install/setup.sh'
[10.328s] INFO:colcon.colcon_core.shell:Creating prefix script '/root/ROS2_HW/install/local_setup.bash'
[10.328s] INFO:colcon.colcon_core.shell:Creating prefix chain script '/root/ROS2_HW/install/setup.bash'
[10.339s] INFO:colcon.colcon_core.shell:Creating prefix script '/root/ROS2_HW/install/local_setup.zsh'
[10.340s] INFO:colcon.colcon_core.shell:Creating prefix chain script '/root/ROS2_HW/install/setup.zsh'
