[0.978s] DEBUG:colcon:Command line arguments: ['/usr/bin/colcon', 'build', '--packages-select', 'value_counter']
[0.978s] DEBUG:colcon:Parsed command line arguments: Namespace(log_base=None, log_level=None, verb_name='build', build_base='build', install_base='install', merge_install=False, symlink_install=False, test_result_base=None, continue_on_error=False, executor='parallel', parallel_workers=12, event_handlers=None, ignore_user_meta=False, metas=['./colcon.meta'], base_paths=['.'], packages_ignore=None, packages_ignore_regex=None, paths=None, packages_up_to=None, packages_up_to_regex=None, packages_above=None, packages_above_and_dependencies=None, packages_above_depth=None, packages_select_by_dep=None, packages_skip_by_dep=None, packages_skip_up_to=None, packages_select_build_failed=False, packages_skip_build_finished=False, packages_select_test_failures=False, packages_skip_test_passed=False, packages_select=['value_counter'], packages_skip=None, packages_select_regex=None, packages_skip_regex=None, packages_start=None, packages_end=None, cmake_args=None, cmake_target=None, cmake_target_skip_unavailable=False, cmake_clean_cache=False, cmake_clean_first=False, cmake_force_configure=False, ament_cmake_args=None, catkin_cmake_args=None, catkin_skip_building_tests=False, mixin_files=None, mixin=None, verb_parser=<colcon_mixin.mixin.mixin_argument.MixinArgumentDecorator object at 0x7f0fceefc880>, verb_extension=<colcon_core.verb.build.BuildVerb object at 0x7f0fcf06f880>, main=<bound method BuildVerb.main of <colcon_core.verb.build.BuildVerb object at 0x7f0fcf06f880>>, mixin_verb=('build',))
[1.021s] Level 1:colcon.colcon_core.package_discovery:discover_packages(colcon_meta) check parameters
[1.022s] INFO:colcon.colcon_metadata.package_discovery.colcon_meta:Using configuration from '/root/.colcon/metadata/default/Gazebo.meta'
[1.023s] INFO:colcon.colcon_metadata.package_discovery.colcon_meta:Using configuration from '/root/.colcon/metadata/default/fastrtps.meta'
[1.023s] Level 1:colcon.colcon_core.package_discovery:discover_packages(recursive) check parameters
[1.023s] Level 1:colcon.colcon_core.package_discovery:discover_packages(ignore) check parameters
[1.023s] Level 1:colcon.colcon_core.package_discovery:discover_packages(path) check parameters
[1.023s] Level 1:colcon.colcon_core.package_discovery:discover_packages(colcon_meta) discover
[1.023s] Level 1:colcon.colcon_core.package_discovery:discover_packages(recursive) discover
[1.023s] INFO:colcon.colcon_core.package_discovery:Crawling recursively for packages in '/root/ROS2_HW'
[1.023s] Level 1:colcon.colcon_core.package_identification:_identify(.) by extensions ['ignore', 'ignore_ament_install']
[1.023s] Level 1:colcon.colcon_core.package_identification:_identify(.) by extension 'ignore'
[1.023s] Level 1:colcon.colcon_core.package_identification:_identify(.) by extension 'ignore_ament_install'
[1.023s] Level 1:colcon.colcon_core.package_identification:_identify(.) by extensions ['colcon_pkg']
[1.023s] Level 1:colcon.colcon_core.package_identification:_identify(.) by extension 'colcon_pkg'
[1.023s] Level 1:colcon.colcon_core.package_identification:_identify(.) by extensions ['colcon_meta']
[1.023s] Level 1:colcon.colcon_core.package_identification:_identify(.) by extension 'colcon_meta'
[1.023s] Level 1:colcon.colcon_core.package_identification:_identify(.) by extensions ['ros']
[1.023s] Level 1:colcon.colcon_core.package_identification:_identify(.) by extension 'ros'
[1.039s] Level 1:colcon.colcon_core.package_identification:_identify(.) by extensions ['cmake', 'python']
[1.039s] Level 1:colcon.colcon_core.package_identification:_identify(.) by extension 'cmake'
[1.039s] Level 1:colcon.colcon_core.package_identification:_identify(.) by extension 'python'
[1.040s] Level 1:colcon.colcon_core.package_identification:_identify(.) by extensions ['python_setup_py']
[1.040s] Level 1:colcon.colcon_core.package_identification:_identify(.) by extension 'python_setup_py'
[1.040s] Level 1:colcon.colcon_core.package_identification:_identify(build) by extensions ['ignore', 'ignore_ament_install']
[1.040s] Level 1:colcon.colcon_core.package_identification:_identify(build) by extension 'ignore'
[1.040s] Level 1:colcon.colcon_core.package_identification:_identify(build) ignored
[1.040s] Level 1:colcon.colcon_core.package_identification:_identify(install) by extensions ['ignore', 'ignore_ament_install']
[1.040s] Level 1:colcon.colcon_core.package_identification:_identify(install) by extension 'ignore'
[1.040s] Level 1:colcon.colcon_core.package_identification:_identify(install) ignored
[1.041s] Level 1:colcon.colcon_core.package_identification:_identify(log) by extensions ['ignore', 'ignore_ament_install']
[1.041s] Level 1:colcon.colcon_core.package_identification:_identify(log) by extension 'ignore'
[1.041s] Level 1:colcon.colcon_core.package_identification:_identify(log) ignored
[1.041s] Level 1:colcon.colcon_core.package_identification:_identify(ros2_homework) by extensions ['ignore', 'ignore_ament_install']
[1.041s] Level 1:colcon.colcon_core.package_identification:_identify(ros2_homework) by extension 'ignore'
[1.041s] Level 1:colcon.colcon_core.package_identification:_identify(ros2_homework) by extension 'ignore_ament_install'
[1.041s] Level 1:colcon.colcon_core.package_identification:_identify(ros2_homework) by extensions ['colcon_pkg']
[1.041s] Level 1:colcon.colcon_core.package_identification:_identify(ros2_homework) by extension 'colcon_pkg'
[1.041s] Level 1:colcon.colcon_core.package_identification:_identify(ros2_homework) by extensions ['colcon_meta']
[1.041s] Level 1:colcon.colcon_core.package_identification:_identify(ros2_homework) by extension 'colcon_meta'
[1.041s] Level 1:colcon.colcon_core.package_identification:_identify(ros2_homework) by extensions ['ros']
[1.041s] Level 1:colcon.colcon_core.package_identification:_identify(ros2_homework) by extension 'ros'
[1.042s] Level 1:colcon.colcon_core.package_identification:_identify(ros2_homework) by extensions ['cmake', 'python']
[1.042s] Level 1:colcon.colcon_core.package_identification:_identify(ros2_homework) by extension 'cmake'
[1.042s] Level 1:colcon.colcon_core.package_identification:_identify(ros2_homework) by extension 'python'
[1.042s] Level 1:colcon.colcon_core.package_identification:_identify(ros2_homework) by extensions ['python_setup_py']
[1.042s] Level 1:colcon.colcon_core.package_identification:_identify(ros2_homework) by extension 'python_setup_py'
[1.042s] Level 1:colcon.colcon_core.package_identification:_identify(ros2_homework/value_counter) by extensions ['ignore', 'ignore_ament_install']
[1.042s] Level 1:colcon.colcon_core.package_identification:_identify(ros2_homework/value_counter) by extension 'ignore'
[1.042s] Level 1:colcon.colcon_core.package_identification:_identify(ros2_homework/value_counter) by extension 'ignore_ament_install'
[1.042s] Level 1:colcon.colcon_core.package_identification:_identify(ros2_homework/value_counter) by extensions ['colcon_pkg']
[1.042s] Level 1:colcon.colcon_core.package_identification:_identify(ros2_homework/value_counter) by extension 'colcon_pkg'
[1.042s] Level 1:colcon.colcon_core.package_identification:_identify(ros2_homework/value_counter) by extensions ['colcon_meta']
[1.042s] Level 1:colcon.colcon_core.package_identification:_identify(ros2_homework/value_counter) by extension 'colcon_meta'
[1.042s] Level 1:colcon.colcon_core.package_identification:_identify(ros2_homework/value_counter) by extensions ['ros']
[1.042s] Level 1:colcon.colcon_core.package_identification:_identify(ros2_homework/value_counter) by extension 'ros'
[1.045s] DEBUG:colcon.colcon_core.package_identification:Package 'ros2_homework/value_counter' with type 'ros.ament_cmake' and name 'value_counter'
[1.045s] Level 1:colcon.colcon_core.package_discovery:discover_packages(recursive) using defaults
[1.045s] Level 1:colcon.colcon_core.package_discovery:discover_packages(ignore) discover
[1.045s] Level 1:colcon.colcon_core.package_discovery:discover_packages(ignore) using defaults
[1.046s] Level 1:colcon.colcon_core.package_discovery:discover_packages(path) discover
[1.046s] Level 1:colcon.colcon_core.package_discovery:discover_packages(path) using defaults
[1.114s] Level 5:colcon.colcon_core.verb:set package 'value_counter' build argument 'cmake_args' from command line to 'None'
[1.114s] Level 5:colcon.colcon_core.verb:set package 'value_counter' build argument 'cmake_target' from command line to 'None'
[1.114s] Level 5:colcon.colcon_core.verb:set package 'value_counter' build argument 'cmake_target_skip_unavailable' from command line to 'False'
[1.114s] Level 5:colcon.colcon_core.verb:set package 'value_counter' build argument 'cmake_clean_cache' from command line to 'False'
[1.114s] Level 5:colcon.colcon_core.verb:set package 'value_counter' build argument 'cmake_clean_first' from command line to 'False'
[1.114s] Level 5:colcon.colcon_core.verb:set package 'value_counter' build argument 'cmake_force_configure' from command line to 'False'
[1.114s] Level 5:colcon.colcon_core.verb:set package 'value_counter' build argument 'ament_cmake_args' from command line to 'None'
[1.114s] Level 5:colcon.colcon_core.verb:set package 'value_counter' build argument 'catkin_cmake_args' from command line to 'None'
[1.114s] Level 5:colcon.colcon_core.verb:set package 'value_counter' build argument 'catkin_skip_building_tests' from command line to 'False'
[1.114s] DEBUG:colcon.colcon_core.verb:Building package 'value_counter' with the following arguments: {'ament_cmake_args': None, 'build_base': '/root/ROS2_HW/build/value_counter', 'catkin_cmake_args': None, 'catkin_skip_building_tests': False, 'cmake_args': None, 'cmake_clean_cache': False, 'cmake_clean_first': False, 'cmake_force_configure': False, 'cmake_target': None, 'cmake_target_skip_unavailable': False, 'install_base': '/root/ROS2_HW/install/value_counter', 'merge_install': False, 'path': '/root/ROS2_HW/ros2_homework/value_counter', 'symlink_install': False, 'test_result_base': None}
[1.124s] INFO:colcon.colcon_core.executor:Executing jobs using 'parallel' executor
[1.134s] DEBUG:colcon.colcon_parallel_executor.executor.parallel:run_until_complete
[1.134s] INFO:colcon.colcon_ros.task.ament_cmake.build:Building ROS package in '/root/ROS2_HW/ros2_homework/value_counter' with build type 'ament_cmake'
[1.135s] INFO:colcon.colcon_cmake.task.cmake.build:Building CMake package in '/root/ROS2_HW/ros2_homework/value_counter'
[1.149s] INFO:colcon.colcon_core.plugin_system:Skipping extension 'colcon_core.shell.bat': Not used on non-Windows systems
[1.150s] INFO:colcon.colcon_core.shell:Skip shell extension 'powershell' for command environment: Not usable outside of PowerShell
[1.150s] DEBUG:colcon.colcon_core.shell:Skip shell extension 'dsv' for command environment
[1.186s] DEBUG:colcon.colcon_core.event_handler.log_command:Invoking command in '/root/ROS2_HW/build/value_counter': CMAKE_PREFIX_PATH=/opt/ros/humble /usr/bin/cmake /root/ROS2_HW/ros2_homework/value_counter -DCMAKE_INSTALL_PREFIX=/root/ROS2_HW/install/value_counter
[1.967s] DEBUG:colcon.colcon_core.event_handler.log_command:Invoked command in '/root/ROS2_HW/build/value_counter' returned '1': CMAKE_PREFIX_PATH=/opt/ros/humble /usr/bin/cmake /root/ROS2_HW/ros2_homework/value_counter -DCMAKE_INSTALL_PREFIX=/root/ROS2_HW/install/value_counter
[1.981s] Level 1:colcon.colcon_core.environment:create_environment_scripts_only(value_counter)
[1.993s] Level 1:colcon.colcon_core.environment:checking '/root/ROS2_HW/install/value_counter' for CMake module files
[1.993s] Level 1:colcon.colcon_core.environment:checking '/root/ROS2_HW/install/value_counter' for CMake config files
[1.994s] Level 1:colcon.colcon_core.environment:checking '/root/ROS2_HW/install/value_counter/bin'
[1.994s] Level 1:colcon.colcon_core.environment:checking '/root/ROS2_HW/install/value_counter/lib/pkgconfig/value_counter.pc'
[1.997s] Level 1:colcon.colcon_core.environment:checking '/root/ROS2_HW/install/value_counter/lib/python3.10/site-packages'
[1.997s] Level 1:colcon.colcon_core.environment:checking '/root/ROS2_HW/install/value_counter/bin'
[2.007s] INFO:colcon.colcon_core.shell:Creating package script '/root/ROS2_HW/install/value_counter/share/value_counter/package.ps1'
[2.008s] INFO:colcon.colcon_core.shell:Creating package descriptor '/root/ROS2_HW/install/value_counter/share/value_counter/package.dsv'
[2.009s] INFO:colcon.colcon_core.shell:Creating package script '/root/ROS2_HW/install/value_counter/share/value_counter/package.sh'
[2.010s] INFO:colcon.colcon_core.shell:Creating package script '/root/ROS2_HW/install/value_counter/share/value_counter/package.bash'
[2.010s] INFO:colcon.colcon_core.shell:Creating package script '/root/ROS2_HW/install/value_counter/share/value_counter/package.zsh'
[2.011s] Level 1:colcon.colcon_core.environment:create_file_with_runtime_dependencies(/root/ROS2_HW/install/value_counter/share/colcon-core/packages/value_counter)
[2.023s] DEBUG:colcon.colcon_parallel_executor.executor.parallel:closing loop
[2.023s] DEBUG:colcon.colcon_parallel_executor.executor.parallel:loop closed
[2.024s] DEBUG:colcon.colcon_parallel_executor.executor.parallel:run_until_complete finished with '1'
[2.024s] DEBUG:colcon.colcon_core.event_reactor:joining thread
[2.047s] INFO:colcon.colcon_core.plugin_system:Skipping extension 'colcon_notification.desktop_notification.notify_send': Could not find 'notify-send'
[2.047s] INFO:colcon.colcon_core.plugin_system:Skipping extension 'colcon_notification.desktop_notification.terminal_notifier': Not used on non-Darwin systems
[2.047s] INFO:colcon.colcon_core.plugin_system:Skipping extension 'colcon_notification.desktop_notification.win32': Not used on non-Windows systems
[2.047s] INFO:colcon.colcon_notification.desktop_notification:Sending desktop notification using 'notify2'
[2.047s] DEBUG:colcon.colcon_notification.desktop_notification.notify2:Failed to initialize notify2: org.freedesktop.DBus.Error.NotSupported: Unable to autolaunch a dbus-daemon without a $DISPLAY for X11
[2.047s] DEBUG:colcon.colcon_core.event_reactor:joined thread
[2.059s] INFO:colcon.colcon_core.shell:Creating prefix script '/root/ROS2_HW/install/local_setup.ps1'
[2.060s] INFO:colcon.colcon_core.shell:Creating prefix util module '/root/ROS2_HW/install/_local_setup_util_ps1.py'
[2.062s] INFO:colcon.colcon_core.shell:Creating prefix chain script '/root/ROS2_HW/install/setup.ps1'
[2.075s] INFO:colcon.colcon_core.shell:Creating prefix script '/root/ROS2_HW/install/local_setup.sh'
[2.076s] INFO:colcon.colcon_core.shell:Creating prefix util module '/root/ROS2_HW/install/_local_setup_util_sh.py'
[2.076s] INFO:colcon.colcon_core.shell:Creating prefix chain script '/root/ROS2_HW/install/setup.sh'
[2.087s] INFO:colcon.colcon_core.shell:Creating prefix script '/root/ROS2_HW/install/local_setup.bash'
[2.088s] INFO:colcon.colcon_core.shell:Creating prefix chain script '/root/ROS2_HW/install/setup.bash'
[2.097s] INFO:colcon.colcon_core.shell:Creating prefix script '/root/ROS2_HW/install/local_setup.zsh'
[2.098s] INFO:colcon.colcon_core.shell:Creating prefix chain script '/root/ROS2_HW/install/setup.zsh'
