[0.058s] Invoking command in '/root/ROS2_HW/build/value_counter': CMAKE_PREFIX_PATH=/opt/ros/humble /usr/bin/cmake /root/ROS2_HW/ros2_homework/value_counter -DCMAKE_INSTALL_PREFIX=/root/ROS2_HW/install/value_counter
[0.075s] -- Found ament_cmake: 1.3.5 (/opt/ros/humble/share/ament_cmake/cmake)
[0.279s] -- Found rclcpp: 16.0.6 (/opt/ros/humble/share/rclcpp/cmake)
[0.312s] -- Found rosidl_generator_c: 3.1.5 (/opt/ros/humble/share/rosidl_generator_c/cmake)
[0.316s] -- Found rosidl_adapter: 3.1.5 (/opt/ros/humble/share/rosidl_adapter/cmake)
[0.325s] -- Found rosidl_generator_cpp: 3.1.5 (/opt/ros/humble/share/rosidl_generator_cpp/cmake)
[0.347s] -- Using all available rosidl_typesupport_c: rosidl_typesupport_fastrtps_c;rosidl_typesupport_introspection_c
[0.367s] -- Using all available rosidl_typesupport_cpp: rosidl_typesupport_fastrtps_cpp;rosidl_typesupport_introspection_cpp
[0.449s] -- Found rmw_implementation_cmake: 6.1.1 (/opt/ros/humble/share/rmw_implementation_cmake/cmake)
[0.451s] -- Found rmw_fastrtps_cpp: 6.2.4 (/opt/ros/humble/share/rmw_fastrtps_cpp/cmake)
[0.592s] -- Using RMW implementation 'rmw_fastrtps_cpp' as default
[0.837s] [31mCMake Error at CMakeLists.txt:17 (install):
[0.837s]   install TARGETS given unknown argument "value_counter".
[0.837s] 
[0.837s] [0m
[0.844s] -- Found ament_lint_auto: 0.12.8 (/opt/ros/humble/share/ament_lint_auto/cmake)
[0.982s] -- Added test 'cppcheck' to perform static code analysis on C / C++ code
[0.983s] -- Configured cppcheck include dirs: 
[0.983s] -- Configured cppcheck exclude dirs and/or files: 
[0.985s] -- Added test 'lint_cmake' to check CMake code style
[0.989s] -- Added test 'uncrustify' to check C / C++ code style
[0.989s] -- Configured uncrustify additional arguments: 
[0.991s] -- Added test 'xmllint' to check XML markup files
[0.996s] -- Configuring incomplete, errors occurred!
[0.996s] See also "/root/ROS2_HW/build/value_counter/CMakeFiles/CMakeOutput.log".
[1.005s] Invoked command in '/root/ROS2_HW/build/value_counter' returned '1': CMAKE_PREFIX_PATH=/opt/ros/humble /usr/bin/cmake /root/ROS2_HW/ros2_homework/value_counter -DCMAKE_INSTALL_PREFIX=/root/ROS2_HW/install/value_counter
